<?xml version="1.0" encoding="UTF-8"?><testrun name="SeleniumTest" project="Title_Validation_E2E" tests="1" started="1" failures="0" errors="1" ignored="0">
  <testsuite name="core.SeleniumTest" time="0.002">
    <testcase name="initializationError" classname="core.SeleniumTest" time="0.002">
      <error>org.openqa.selenium.NoSuchWindowException: Window not found. The browser window may have been closed.
Command duration or timeout: 165 milliseconds
Build info: version: '2.44.0', revision: '76d78cf323ce037c5f92db6c1bba601c2ac43ad8', time: '2014-10-23 13:11:40'
System info: host: 'G750', ip: '10.0.0.14', os.name: 'Windows 8.1', os.arch: 'amd64', os.version: '6.3', java.version: '1.8.0_25'
Driver info: org.openqa.selenium.firefox.FirefoxDriver
Capabilities [{applicationCacheEnabled=true, rotatable=false, handlesAlerts=true, databaseEnabled=true, version=35.0.1, platform=WINDOWS, nativeEvents=false, acceptSslCerts=true, webStorageEnabled=true, locationContextEnabled=true, browserName=firefox, takesScreenshot=true, javascriptEnabled=true, cssSelectorsEnabled=true}]
Session ID: 37032124-c9f5-461f-bfe3-a607254aa049&#13;
	at sun.reflect.NativeConstructorAccessorImpl.newInstance0(Native Method)&#13;
	at sun.reflect.NativeConstructorAccessorImpl.newInstance(NativeConstructorAccessorImpl.java:62)&#13;
	at sun.reflect.DelegatingConstructorAccessorImpl.newInstance(DelegatingConstructorAccessorImpl.java:45)&#13;
	at java.lang.reflect.Constructor.newInstance(Constructor.java:408)&#13;
	at org.openqa.selenium.remote.ErrorHandler.createThrowable(ErrorHandler.java:204)&#13;
	at org.openqa.selenium.remote.ErrorHandler.throwIfResponseFailed(ErrorHandler.java:156)&#13;
	at org.openqa.selenium.remote.RemoteWebDriver.execute(RemoteWebDriver.java:599)&#13;
	at org.openqa.selenium.remote.RemoteWebDriver.get(RemoteWebDriver.java:304)&#13;
	at core.Selenium.a2d(Selenium.java:47)&#13;
	at core.SeleniumTest.data(SeleniumTest.java:30)&#13;
	at sun.reflect.NativeMethodAccessorImpl.invoke0(Native Method)&#13;
	at sun.reflect.NativeMethodAccessorImpl.invoke(NativeMethodAccessorImpl.java:62)&#13;
	at sun.reflect.DelegatingMethodAccessorImpl.invoke(DelegatingMethodAccessorImpl.java:43)&#13;
	at java.lang.reflect.Method.invoke(Method.java:483)&#13;
	at org.junit.runners.model.FrameworkMethod$1.runReflectiveCall(FrameworkMethod.java:50)&#13;
	at org.junit.internal.runners.model.ReflectiveCallable.run(ReflectiveCallable.java:12)&#13;
	at org.junit.runners.model.FrameworkMethod.invokeExplosively(FrameworkMethod.java:47)&#13;
	at org.junit.runners.Parameterized.allParameters(Parameterized.java:280)&#13;
	at org.junit.runners.Parameterized.&lt;init&gt;(Parameterized.java:248)&#13;
	at sun.reflect.NativeConstructorAccessorImpl.newInstance0(Native Method)&#13;
	at sun.reflect.NativeConstructorAccessorImpl.newInstance(NativeConstructorAccessorImpl.java:62)&#13;
	at sun.reflect.DelegatingConstructorAccessorImpl.newInstance(DelegatingConstructorAccessorImpl.java:45)&#13;
	at java.lang.reflect.Constructor.newInstance(Constructor.java:408)&#13;
	at org.junit.internal.builders.AnnotatedBuilder.buildRunner(AnnotatedBuilder.java:104)&#13;
	at org.junit.internal.builders.AnnotatedBuilder.runnerForClass(AnnotatedBuilder.java:86)&#13;
	at org.junit.runners.model.RunnerBuilder.safeRunnerForClass(RunnerBuilder.java:59)&#13;
	at org.junit.internal.builders.AllDefaultPossibilitiesBuilder.runnerForClass(AllDefaultPossibilitiesBuilder.java:26)&#13;
	at org.junit.runners.model.RunnerBuilder.safeRunnerForClass(RunnerBuilder.java:59)&#13;
	at org.junit.internal.requests.ClassRequest.getRunner(ClassRequest.java:33)&#13;
	at org.eclipse.jdt.internal.junit4.runner.JUnit4TestReference.&lt;init&gt;(JUnit4TestReference.java:33)&#13;
	at org.eclipse.jdt.internal.junit4.runner.JUnit4TestClassReference.&lt;init&gt;(JUnit4TestClassReference.java:25)&#13;
	at org.eclipse.jdt.internal.junit4.runner.JUnit4TestLoader.createTest(JUnit4TestLoader.java:48)&#13;
	at org.eclipse.jdt.internal.junit4.runner.JUnit4TestLoader.loadTests(JUnit4TestLoader.java:38)&#13;
	at org.eclipse.jdt.internal.junit.runner.RemoteTestRunner.runTests(RemoteTestRunner.java:444)&#13;
	at org.eclipse.jdt.internal.junit.runner.RemoteTestRunner.runTests(RemoteTestRunner.java:675)&#13;
	at org.eclipse.jdt.internal.junit.runner.RemoteTestRunner.run(RemoteTestRunner.java:382)&#13;
	at org.eclipse.jdt.internal.junit.runner.RemoteTestRunner.main(RemoteTestRunner.java:192)&#13;
Caused by: org.openqa.selenium.NoSuchWindowException: Window not found. The browser window may have been closed.
Build info: version: '2.44.0', revision: '76d78cf323ce037c5f92db6c1bba601c2ac43ad8', time: '2014-10-23 13:11:40'
System info: host: 'G750', ip: '10.0.0.14', os.name: 'Windows 8.1', os.arch: 'amd64', os.version: '6.3', java.version: '1.8.0_25'
Driver info: driver.version: unknown&#13;
	at &lt;anonymous class&gt;.nsCommandProcessor.prototype.execute(file:///C:/Users/Sergey/AppData/Local/Temp/anonymous4123061816675892805webdriver-profile/extensions/fxdriver@googlecode.com/components/command-processor.js:11706:23)&#13;
	at &lt;anonymous class&gt;.Dispatcher.executeAs/&lt;(file:///C:/Users/Sergey/AppData/Local/Temp/anonymous4123061816675892805webdriver-profile/extensions/fxdriver@googlecode.com/components/driver-component.js:8437:5)&#13;
	at &lt;anonymous class&gt;.Resource.prototype.handle(file:///C:/Users/Sergey/AppData/Local/Temp/anonymous4123061816675892805webdriver-profile/extensions/fxdriver@googlecode.com/components/driver-component.js:8584:219)&#13;
	at &lt;anonymous class&gt;.Dispatcher.prototype.dispatch(file:///C:/Users/Sergey/AppData/Local/Temp/anonymous4123061816675892805webdriver-profile/extensions/fxdriver@googlecode.com/components/driver-component.js:8531:36)&#13;
	at &lt;anonymous class&gt;.WebDriverServer/&lt;.handle(file:///C:/Users/Sergey/AppData/Local/Temp/anonymous4123061816675892805webdriver-profile/extensions/fxdriver@googlecode.com/components/driver-component.js:11489:5)&#13;
	at &lt;anonymous class&gt;.createHandlerFunc/&lt;(file:///C:/Users/Sergey/AppData/Local/Temp/anonymous4123061816675892805webdriver-profile/extensions/fxdriver@googlecode.com/components/httpd.js:1935:41)&#13;
	at &lt;anonymous class&gt;.ServerHandler.prototype.handleResponse(file:///C:/Users/Sergey/AppData/Local/Temp/anonymous4123061816675892805webdriver-profile/extensions/fxdriver@googlecode.com/components/httpd.js:2261:15)&#13;
	at &lt;anonymous class&gt;.Connection.prototype.process(file:///C:/Users/Sergey/AppData/Local/Temp/anonymous4123061816675892805webdriver-profile/extensions/fxdriver@googlecode.com/components/httpd.js:1168:5)&#13;
	at &lt;anonymous class&gt;.RequestReader.prototype._handleResponse(file:///C:/Users/Sergey/AppData/Local/Temp/anonymous4123061816675892805webdriver-profile/extensions/fxdriver@googlecode.com/components/httpd.js:1616:5)&#13;
	at &lt;anonymous class&gt;.RequestReader.prototype._processBody(file:///C:/Users/Sergey/AppData/Local/Temp/anonymous4123061816675892805webdriver-profile/extensions/fxdriver@googlecode.com/components/httpd.js:1464:9)&#13;
	at &lt;anonymous class&gt;.RequestReader.prototype.onInputStreamReady(file:///C:/Users/Sergey/AppData/Local/Temp/anonymous4123061816675892805webdriver-profile/extensions/fxdriver@googlecode.com/components/httpd.js:1333:9)&#13;
&#13;
</error>
    </testcase>
  </testsuite>
</testrun>
